0 info it worked if it ends with ok
1 verbose cli [ '/usr/bin/node', '/usr/bin/npm', 'i', 'express', '--save' ]
2 info using npm@3.5.2
3 info using node@v8.10.0
4 silly loadCurrentTree Starting
5 silly install loadCurrentTree
6 silly install readLocalPackageData
7 silly fetchPackageMetaData express
8 silly fetchNamedPackageData express
9 silly mapToRegistry name express
10 silly mapToRegistry using default registry
11 silly mapToRegistry registry https://registry.npmjs.org/
12 silly mapToRegistry uri https://registry.npmjs.org/express
13 verbose request uri https://registry.npmjs.org/express
14 verbose request no auth needed
15 info attempt registry request try #1 at 19:04:12
16 verbose request id 0efe81bef48890ea
17 verbose etag W/"b21f0a004957d357c25edb2adece745c"
18 verbose lastModified Sun, 10 Mar 2019 10:48:41 GMT
19 http request GET https://registry.npmjs.org/express
20 http 304 https://registry.npmjs.org/express
21 verbose headers { date: 'Tue, 02 Apr 2019 01:04:13 GMT',
21 verbose headers   connection: 'keep-alive',
21 verbose headers   'set-cookie':
21 verbose headers    [ '__cfduid=daa8319cf0e603728fdb5f3731203d84c1554167053; expires=Wed, 01-Apr-20 01:04:13 GMT; path=/; domain=.registry.npmjs.org; HttpOnly' ],
21 verbose headers   'cf-cache-status': 'HIT',
21 verbose headers   'cache-control': 'max-age=300',
21 verbose headers   'cf-ray': '4c0ee3354e55b949-MIA',
21 verbose headers   etag: '"b21f0a004957d357c25edb2adece745c"',
21 verbose headers   'expect-ct': 'max-age=604800, report-uri="https://report-uri.cloudflare.com/cdn-cgi/beacon/expect-ct"',
21 verbose headers   'last-modified': 'Sun, 10 Mar 2019 10:48:41 GMT',
21 verbose headers   vary: 'accept-encoding, accept',
21 verbose headers   'x-amz-meta-rev': '3882-a780548630e057df42957c3133cafc6b',
21 verbose headers   server: 'cloudflare' }
22 silly get cb [ 304,
22 silly get   { date: 'Tue, 02 Apr 2019 01:04:13 GMT',
22 silly get     connection: 'keep-alive',
22 silly get     'set-cookie':
22 silly get      [ '__cfduid=daa8319cf0e603728fdb5f3731203d84c1554167053; expires=Wed, 01-Apr-20 01:04:13 GMT; path=/; domain=.registry.npmjs.org; HttpOnly' ],
22 silly get     'cf-cache-status': 'HIT',
22 silly get     'cache-control': 'max-age=300',
22 silly get     'cf-ray': '4c0ee3354e55b949-MIA',
22 silly get     etag: '"b21f0a004957d357c25edb2adece745c"',
22 silly get     'expect-ct': 'max-age=604800, report-uri="https://report-uri.cloudflare.com/cdn-cgi/beacon/expect-ct"',
22 silly get     'last-modified': 'Sun, 10 Mar 2019 10:48:41 GMT',
22 silly get     vary: 'accept-encoding, accept',
22 silly get     'x-amz-meta-rev': '3882-a780548630e057df42957c3133cafc6b',
22 silly get     server: 'cloudflare' } ]
23 verbose etag https://registry.npmjs.org/express from cache
24 verbose get saving express to /home/moshab97/.npm/registry.npmjs.org/express/.cache.json
25 silly install normalizeTree
26 silly loadCurrentTree Finishing
27 silly loadIdealTree Starting
28 silly install loadIdealTree
29 silly cloneCurrentTree Starting
30 silly install cloneCurrentTreeToIdealTree
31 silly cloneCurrentTree Finishing
32 silly loadShrinkwrap Starting
33 silly install loadShrinkwrap
34 silly loadShrinkwrap Finishing
35 silly loadAllDepsIntoIdealTree Starting
36 silly install loadAllDepsIntoIdealTree
37 silly resolveWithNewModule express@4.16.4 checking installable status
38 silly cache add args [ 'express', null ]
39 verbose cache add spec express
40 silly cache add parsed spec Result {
40 silly cache add   raw: 'express',
40 silly cache add   scope: null,
40 silly cache add   name: 'express',
40 silly cache add   rawSpec: '',
40 silly cache add   spec: 'latest',
40 silly cache add   type: 'tag' }
41 silly addNamed express@latest
42 verbose addNamed "latest" is being treated as a dist-tag for express
43 info addNameTag [ 'express', 'latest' ]
44 silly mapToRegistry name express
45 silly mapToRegistry using default registry
46 silly mapToRegistry registry https://registry.npmjs.org/
47 silly mapToRegistry uri https://registry.npmjs.org/express
48 verbose addNameTag registry:https://registry.npmjs.org/express not in flight; fetching
49 verbose get https://registry.npmjs.org/express not expired, no request
50 silly addNameTag next cb for express with tag latest
51 silly addNamed express@4.16.4
52 verbose addNamed "4.16.4" is a plain semver version for express
53 silly cache afterAdd express@4.16.4
54 verbose afterAdd /home/moshab97/.npm/express/4.16.4/package/package.json not in flight; writing
55 verbose afterAdd /home/moshab97/.npm/express/4.16.4/package/package.json written
56 silly fetchNamedPackageData send
57 silly mapToRegistry name send
58 silly mapToRegistry using default registry
59 silly mapToRegistry registry https://registry.npmjs.org/
60 silly mapToRegistry uri https://registry.npmjs.org/send
61 verbose request uri https://registry.npmjs.org/send
62 verbose request no auth needed
63 info attempt registry request try #1 at 19:04:13
64 verbose etag W/"1ad685c40371ecdf81bd1d0fcdec39fd"
65 verbose lastModified Sun, 27 May 2018 16:58:00 GMT
66 http request GET https://registry.npmjs.org/send
67 http 304 https://registry.npmjs.org/send
68 verbose headers { date: 'Tue, 02 Apr 2019 01:04:13 GMT',
68 verbose headers   connection: 'keep-alive',
68 verbose headers   'set-cookie':
68 verbose headers    [ '__cfduid=daa8319cf0e603728fdb5f3731203d84c1554167053; expires=Wed, 01-Apr-20 01:04:13 GMT; path=/; domain=.registry.npmjs.org; HttpOnly' ],
68 verbose headers   'cf-cache-status': 'HIT',
68 verbose headers   'cache-control': 'max-age=300',
68 verbose headers   'cf-ray': '4c0ee3377876b949-MIA',
68 verbose headers   etag: '"1ad685c40371ecdf81bd1d0fcdec39fd"',
68 verbose headers   'expect-ct': 'max-age=604800, report-uri="https://report-uri.cloudflare.com/cdn-cgi/beacon/expect-ct"',
68 verbose headers   'last-modified': 'Sun, 27 May 2018 16:58:00 GMT',
68 verbose headers   vary: 'accept-encoding, accept',
68 verbose headers   server: 'cloudflare' }
69 silly get cb [ 304,
69 silly get   { date: 'Tue, 02 Apr 2019 01:04:13 GMT',
69 silly get     connection: 'keep-alive',
69 silly get     'set-cookie':
69 silly get      [ '__cfduid=daa8319cf0e603728fdb5f3731203d84c1554167053; expires=Wed, 01-Apr-20 01:04:13 GMT; path=/; domain=.registry.npmjs.org; HttpOnly' ],
69 silly get     'cf-cache-status': 'HIT',
69 silly get     'cache-control': 'max-age=300',
69 silly get     'cf-ray': '4c0ee3377876b949-MIA',
69 silly get     etag: '"1ad685c40371ecdf81bd1d0fcdec39fd"',
69 silly get     'expect-ct': 'max-age=604800, report-uri="https://report-uri.cloudflare.com/cdn-cgi/beacon/expect-ct"',
69 silly get     'last-modified': 'Sun, 27 May 2018 16:58:00 GMT',
69 silly get     vary: 'accept-encoding, accept',
69 silly get     server: 'cloudflare' } ]
70 verbose etag https://registry.npmjs.org/send from cache
71 verbose get saving send to /home/moshab97/.npm/registry.npmjs.org/send/.cache.json
72 silly resolveWithNewModule send@0.16.2 checking installable status
73 silly cache add args [ 'send@0.16.2', null ]
74 verbose cache add spec send@0.16.2
75 silly cache add parsed spec Result {
75 silly cache add   raw: 'send@0.16.2',
75 silly cache add   scope: null,
75 silly cache add   name: 'send',
75 silly cache add   rawSpec: '0.16.2',
75 silly cache add   spec: '0.16.2',
75 silly cache add   type: 'version' }
76 silly addNamed send@0.16.2
77 verbose addNamed "0.16.2" is a plain semver version for send
78 silly mapToRegistry name send
79 silly mapToRegistry using default registry
80 silly mapToRegistry registry https://registry.npmjs.org/
81 silly mapToRegistry uri https://registry.npmjs.org/send
82 verbose addNameVersion registry:https://registry.npmjs.org/send not in flight; fetching
83 verbose get https://registry.npmjs.org/send not expired, no request
84 silly cache afterAdd send@0.16.2
85 verbose afterAdd /home/moshab97/.npm/send/0.16.2/package/package.json not in flight; writing
86 verbose afterAdd /home/moshab97/.npm/send/0.16.2/package/package.json written
87 silly fetchNamedPackageData mime
88 silly mapToRegistry name mime
89 silly mapToRegistry using default registry
90 silly mapToRegistry registry https://registry.npmjs.org/
91 silly mapToRegistry uri https://registry.npmjs.org/mime
92 verbose request uri https://registry.npmjs.org/mime
93 verbose request no auth needed
94 info attempt registry request try #1 at 19:04:14
95 verbose etag W/"12ac9e0d025ee0b49b91a5ca9113b026"
96 verbose lastModified Fri, 04 Jan 2019 19:34:15 GMT
97 http request GET https://registry.npmjs.org/mime
98 http 304 https://registry.npmjs.org/mime
99 verbose headers { date: 'Tue, 02 Apr 2019 01:04:14 GMT',
99 verbose headers   connection: 'keep-alive',
99 verbose headers   'set-cookie':
99 verbose headers    [ '__cfduid=d6d4c11f3de8af5e4cbc7153eda356c6e1554167054; expires=Wed, 01-Apr-20 01:04:14 GMT; path=/; domain=.registry.npmjs.org; HttpOnly' ],
99 verbose headers   'cf-cache-status': 'HIT',
99 verbose headers   'cache-control': 'max-age=300',
99 verbose headers   'cf-ray': '4c0ee33899e7b949-MIA',
99 verbose headers   etag: '"12ac9e0d025ee0b49b91a5ca9113b026"',
99 verbose headers   'expect-ct': 'max-age=604800, report-uri="https://report-uri.cloudflare.com/cdn-cgi/beacon/expect-ct"',
99 verbose headers   'last-modified': 'Fri, 04 Jan 2019 19:34:15 GMT',
99 verbose headers   vary: 'accept-encoding, accept',
99 verbose headers   'x-amz-meta-rev': '252-929c782d2a5eb39ece6a4cebed1b3a0f',
99 verbose headers   server: 'cloudflare' }
100 silly get cb [ 304,
100 silly get   { date: 'Tue, 02 Apr 2019 01:04:14 GMT',
100 silly get     connection: 'keep-alive',
100 silly get     'set-cookie':
100 silly get      [ '__cfduid=d6d4c11f3de8af5e4cbc7153eda356c6e1554167054; expires=Wed, 01-Apr-20 01:04:14 GMT; path=/; domain=.registry.npmjs.org; HttpOnly' ],
100 silly get     'cf-cache-status': 'HIT',
100 silly get     'cache-control': 'max-age=300',
100 silly get     'cf-ray': '4c0ee33899e7b949-MIA',
100 silly get     etag: '"12ac9e0d025ee0b49b91a5ca9113b026"',
100 silly get     'expect-ct': 'max-age=604800, report-uri="https://report-uri.cloudflare.com/cdn-cgi/beacon/expect-ct"',
100 silly get     'last-modified': 'Fri, 04 Jan 2019 19:34:15 GMT',
100 silly get     vary: 'accept-encoding, accept',
100 silly get     'x-amz-meta-rev': '252-929c782d2a5eb39ece6a4cebed1b3a0f',
100 silly get     server: 'cloudflare' } ]
101 verbose etag https://registry.npmjs.org/mime from cache
102 verbose get saving mime to /home/moshab97/.npm/registry.npmjs.org/mime/.cache.json
103 silly resolveWithNewModule mime@1.4.1 checking installable status
104 silly cache add args [ 'mime@1.4.1', null ]
105 verbose cache add spec mime@1.4.1
106 silly cache add parsed spec Result {
106 silly cache add   raw: 'mime@1.4.1',
106 silly cache add   scope: null,
106 silly cache add   name: 'mime',
106 silly cache add   rawSpec: '1.4.1',
106 silly cache add   spec: '1.4.1',
106 silly cache add   type: 'version' }
107 silly addNamed mime@1.4.1
108 verbose addNamed "1.4.1" is a plain semver version for mime
109 silly mapToRegistry name mime
110 silly mapToRegistry using default registry
111 silly mapToRegistry registry https://registry.npmjs.org/
112 silly mapToRegistry uri https://registry.npmjs.org/mime
113 verbose addNameVersion registry:https://registry.npmjs.org/mime not in flight; fetching
114 verbose get https://registry.npmjs.org/mime not expired, no request
115 silly cache afterAdd mime@1.4.1
116 verbose afterAdd /home/moshab97/.npm/mime/1.4.1/package/package.json not in flight; writing
117 verbose afterAdd /home/moshab97/.npm/mime/1.4.1/package/package.json written
118 silly loadAllDepsIntoIdealTree Finishing
119 silly idealTree:prePrune basededatos@1.0.0
119 silly idealTree:prePrune ├── accepts@1.3.5
119 silly idealTree:prePrune ├── array-flatten@1.1.1
119 silly idealTree:prePrune ├── body-parser@1.18.3
119 silly idealTree:prePrune ├── bytes@3.0.0
119 silly idealTree:prePrune ├── content-disposition@0.5.2
119 silly idealTree:prePrune ├── content-type@1.0.4
119 silly idealTree:prePrune ├── cookie-signature@1.0.6
119 silly idealTree:prePrune ├── cookie@0.3.1
119 silly idealTree:prePrune ├── debug@2.6.9
119 silly idealTree:prePrune ├── depd@1.1.2
119 silly idealTree:prePrune ├── destroy@1.0.4
119 silly idealTree:prePrune ├── ee-first@1.1.1
119 silly idealTree:prePrune ├── encodeurl@1.0.2
119 silly idealTree:prePrune ├── escape-html@1.0.3
119 silly idealTree:prePrune ├── etag@1.8.1
119 silly idealTree:prePrune ├── express@4.16.4
119 silly idealTree:prePrune ├── finalhandler@1.1.1
119 silly idealTree:prePrune ├── forwarded@0.1.2
119 silly idealTree:prePrune ├── fresh@0.5.2
119 silly idealTree:prePrune ├── http-errors@1.6.3
119 silly idealTree:prePrune ├── iconv-lite@0.4.23
119 silly idealTree:prePrune ├── inherits@2.0.3
119 silly idealTree:prePrune ├── ipaddr.js@1.8.0
119 silly idealTree:prePrune ├── media-typer@0.3.0
119 silly idealTree:prePrune ├── merge-descriptors@1.0.1
119 silly idealTree:prePrune ├── methods@1.1.2
119 silly idealTree:prePrune ├── mime-db@1.38.0
119 silly idealTree:prePrune ├── mime-types@2.1.22
119 silly idealTree:prePrune ├── mime@1.4.1
119 silly idealTree:prePrune ├── ms@2.0.0
119 silly idealTree:prePrune ├── negotiator@0.6.1
119 silly idealTree:prePrune ├── on-finished@2.3.0
119 silly idealTree:prePrune ├── parseurl@1.3.2
119 silly idealTree:prePrune ├── path-to-regexp@0.1.7
119 silly idealTree:prePrune ├── proxy-addr@2.0.4
119 silly idealTree:prePrune ├── qs@6.5.2
119 silly idealTree:prePrune ├── range-parser@1.2.0
119 silly idealTree:prePrune ├── raw-body@2.3.3
119 silly idealTree:prePrune ├── safe-buffer@5.1.2
119 silly idealTree:prePrune ├── safer-buffer@2.1.2
119 silly idealTree:prePrune ├── send@0.16.2
119 silly idealTree:prePrune ├── serve-static@1.13.2
119 silly idealTree:prePrune ├── setprototypeof@1.1.0
119 silly idealTree:prePrune ├── statuses@1.4.0
119 silly idealTree:prePrune ├── type-is@1.6.16
119 silly idealTree:prePrune ├── unpipe@1.0.0
119 silly idealTree:prePrune ├── utils-merge@1.0.1
119 silly idealTree:prePrune └── vary@1.1.2
120 silly loadIdealTree Finishing
121 silly currentTree basededatos@1.0.0
121 silly currentTree ├── accepts@1.3.5
121 silly currentTree ├── array-flatten@1.1.1
121 silly currentTree ├── body-parser@1.18.3
121 silly currentTree ├── bytes@3.0.0
121 silly currentTree ├── content-disposition@0.5.2
121 silly currentTree ├── content-type@1.0.4
121 silly currentTree ├── cookie-signature@1.0.6
121 silly currentTree ├── cookie@0.3.1
121 silly currentTree ├── debug@2.6.9
121 silly currentTree ├── depd@1.1.2
121 silly currentTree ├── destroy@1.0.4
121 silly currentTree ├── ee-first@1.1.1
121 silly currentTree ├── encodeurl@1.0.2
121 silly currentTree ├── escape-html@1.0.3
121 silly currentTree ├── etag@1.8.1
121 silly currentTree ├── finalhandler@1.1.1
121 silly currentTree ├── forwarded@0.1.2
121 silly currentTree ├── fresh@0.5.2
121 silly currentTree ├── http-errors@1.6.3
121 silly currentTree ├── iconv-lite@0.4.23
121 silly currentTree ├── inherits@2.0.3
121 silly currentTree ├── ipaddr.js@1.8.0
121 silly currentTree ├── media-typer@0.3.0
121 silly currentTree ├── merge-descriptors@1.0.1
121 silly currentTree ├── methods@1.1.2
121 silly currentTree ├── mime-db@1.38.0
121 silly currentTree ├── mime-types@2.1.22
121 silly currentTree ├── ms@2.0.0
121 silly currentTree ├── negotiator@0.6.1
121 silly currentTree ├── on-finished@2.3.0
121 silly currentTree ├── parseurl@1.3.2
121 silly currentTree ├── path-to-regexp@0.1.7
121 silly currentTree ├── proxy-addr@2.0.4
121 silly currentTree ├── qs@6.5.2
121 silly currentTree ├── range-parser@1.2.0
121 silly currentTree ├── raw-body@2.3.3
121 silly currentTree ├── safe-buffer@5.1.2
121 silly currentTree ├── safer-buffer@2.1.2
121 silly currentTree ├── serve-static@1.13.2
121 silly currentTree ├── setprototypeof@1.1.0
121 silly currentTree ├── statuses@1.4.0
121 silly currentTree ├── type-is@1.6.16
121 silly currentTree ├── unpipe@1.0.0
121 silly currentTree ├── utils-merge@1.0.1
121 silly currentTree └── vary@1.1.2
122 silly idealTree basededatos@1.0.0
122 silly idealTree ├── accepts@1.3.5
122 silly idealTree ├── array-flatten@1.1.1
122 silly idealTree ├── body-parser@1.18.3
122 silly idealTree ├── bytes@3.0.0
122 silly idealTree ├── content-disposition@0.5.2
122 silly idealTree ├── content-type@1.0.4
122 silly idealTree ├── cookie-signature@1.0.6
122 silly idealTree ├── cookie@0.3.1
122 silly idealTree ├── debug@2.6.9
122 silly idealTree ├── depd@1.1.2
122 silly idealTree ├── destroy@1.0.4
122 silly idealTree ├── ee-first@1.1.1
122 silly idealTree ├── encodeurl@1.0.2
122 silly idealTree ├── escape-html@1.0.3
122 silly idealTree ├── etag@1.8.1
122 silly idealTree ├── express@4.16.4
122 silly idealTree ├── finalhandler@1.1.1
122 silly idealTree ├── forwarded@0.1.2
122 silly idealTree ├── fresh@0.5.2
122 silly idealTree ├── http-errors@1.6.3
122 silly idealTree ├── iconv-lite@0.4.23
122 silly idealTree ├── inherits@2.0.3
122 silly idealTree ├── ipaddr.js@1.8.0
122 silly idealTree ├── media-typer@0.3.0
122 silly idealTree ├── merge-descriptors@1.0.1
122 silly idealTree ├── methods@1.1.2
122 silly idealTree ├── mime-db@1.38.0
122 silly idealTree ├── mime-types@2.1.22
122 silly idealTree ├── mime@1.4.1
122 silly idealTree ├── ms@2.0.0
122 silly idealTree ├── negotiator@0.6.1
122 silly idealTree ├── on-finished@2.3.0
122 silly idealTree ├── parseurl@1.3.2
122 silly idealTree ├── path-to-regexp@0.1.7
122 silly idealTree ├── proxy-addr@2.0.4
122 silly idealTree ├── qs@6.5.2
122 silly idealTree ├── range-parser@1.2.0
122 silly idealTree ├── raw-body@2.3.3
122 silly idealTree ├── safe-buffer@5.1.2
122 silly idealTree ├── safer-buffer@2.1.2
122 silly idealTree ├── send@0.16.2
122 silly idealTree ├── serve-static@1.13.2
122 silly idealTree ├── setprototypeof@1.1.0
122 silly idealTree ├── statuses@1.4.0
122 silly idealTree ├── type-is@1.6.16
122 silly idealTree ├── unpipe@1.0.0
122 silly idealTree ├── utils-merge@1.0.1
122 silly idealTree └── vary@1.1.2
123 silly generateActionsToTake Starting
124 silly install generateActionsToTake
125 silly generateActionsToTake Finishing
126 silly diffTrees action count 3
127 silly diffTrees add mime@1.4.1
128 silly diffTrees add send@0.16.2
129 silly diffTrees add express@4.16.4
130 silly decomposeActions action count 24
131 silly decomposeActions fetch mime@1.4.1
132 silly decomposeActions extract mime@1.4.1
133 silly decomposeActions test mime@1.4.1
134 silly decomposeActions preinstall mime@1.4.1
135 silly decomposeActions build mime@1.4.1
136 silly decomposeActions install mime@1.4.1
137 silly decomposeActions postinstall mime@1.4.1
138 silly decomposeActions finalize mime@1.4.1
139 silly decomposeActions fetch send@0.16.2
140 silly decomposeActions extract send@0.16.2
141 silly decomposeActions test send@0.16.2
142 silly decomposeActions preinstall send@0.16.2
143 silly decomposeActions build send@0.16.2
144 silly decomposeActions install send@0.16.2
145 silly decomposeActions postinstall send@0.16.2
146 silly decomposeActions finalize send@0.16.2
147 silly decomposeActions fetch express@4.16.4
148 silly decomposeActions extract express@4.16.4
149 silly decomposeActions test express@4.16.4
150 silly decomposeActions preinstall express@4.16.4
151 silly decomposeActions build express@4.16.4
152 silly decomposeActions install express@4.16.4
153 silly decomposeActions postinstall express@4.16.4
154 silly decomposeActions finalize express@4.16.4
155 silly executeActions Starting
156 silly install executeActions
157 silly doSerial global-install 0
158 silly doParallel fetch 3
159 verbose lock using /home/moshab97/.npm/_locks/staging-b014a9cc0470cf8d.lock for /media/moshab97/W - L/devf/dia 22 - base de datos/node_modules/.staging
160 silly doParallel extract 3
161 silly extract mime@1.4.1
162 silly extract send@0.16.2
163 silly extract express@4.16.4
164 verbose unbuild node_modules/.staging/send-7649b664
165 verbose unbuild node_modules/.staging/express-152dba4b
166 verbose unbuild node_modules/.staging/mime-982dcd49
167 silly gentlyRm /media/moshab97/W - L/devf/dia 22 - base de datos/node_modules/.staging/send-7649b664 is being purged from base /media/moshab97/W - L/devf/dia 22 - base de datos
168 verbose gentlyRm don't care about contents; nuking /media/moshab97/W - L/devf/dia 22 - base de datos/node_modules/.staging/send-7649b664
169 silly gentlyRm /media/moshab97/W - L/devf/dia 22 - base de datos/node_modules/.staging/express-152dba4b is being purged from base /media/moshab97/W - L/devf/dia 22 - base de datos
170 verbose gentlyRm don't care about contents; nuking /media/moshab97/W - L/devf/dia 22 - base de datos/node_modules/.staging/express-152dba4b
171 silly gentlyRm /media/moshab97/W - L/devf/dia 22 - base de datos/node_modules/.staging/mime-982dcd49 is being purged from base /media/moshab97/W - L/devf/dia 22 - base de datos
172 verbose gentlyRm don't care about contents; nuking /media/moshab97/W - L/devf/dia 22 - base de datos/node_modules/.staging/mime-982dcd49
173 verbose tar unpack /home/moshab97/.npm/send/0.16.2/package.tgz
174 verbose tar unpacking to /media/moshab97/W - L/devf/dia 22 - base de datos/node_modules/.staging/send-7649b664
175 silly gentlyRm /media/moshab97/W - L/devf/dia 22 - base de datos/node_modules/.staging/send-7649b664 is being purged
176 verbose gentlyRm don't care about contents; nuking /media/moshab97/W - L/devf/dia 22 - base de datos/node_modules/.staging/send-7649b664
177 verbose tar unpack /home/moshab97/.npm/express/4.16.4/package.tgz
178 verbose tar unpacking to /media/moshab97/W - L/devf/dia 22 - base de datos/node_modules/.staging/express-152dba4b
179 silly gentlyRm /media/moshab97/W - L/devf/dia 22 - base de datos/node_modules/.staging/express-152dba4b is being purged
180 verbose gentlyRm don't care about contents; nuking /media/moshab97/W - L/devf/dia 22 - base de datos/node_modules/.staging/express-152dba4b
181 verbose tar unpack /home/moshab97/.npm/mime/1.4.1/package.tgz
182 verbose tar unpacking to /media/moshab97/W - L/devf/dia 22 - base de datos/node_modules/.staging/mime-982dcd49
183 silly gentlyRm /media/moshab97/W - L/devf/dia 22 - base de datos/node_modules/.staging/mime-982dcd49 is being purged
184 verbose gentlyRm don't care about contents; nuking /media/moshab97/W - L/devf/dia 22 - base de datos/node_modules/.staging/mime-982dcd49
185 silly gunzTarPerm modes [ '755', '644' ]
186 silly gunzTarPerm modes [ '755', '644' ]
187 silly gunzTarPerm modes [ '755', '644' ]
188 silly gunzTarPerm extractEntry package.json
189 silly gunzTarPerm extractEntry package.json
190 silly gunzTarPerm extractEntry package.json
191 silly gunzTarPerm extractEntry HISTORY.md
192 silly gunzTarPerm extractEntry index.js
193 silly gunzTarPerm extractEntry cli.js
194 silly gunzTarPerm extractEntry LICENSE
195 silly gunzTarPerm extractEntry History.md
196 silly gunzTarPerm extractEntry index.js
197 silly gunzTarPerm extractEntry LICENSE
198 silly gunzTarPerm extractEntry Readme.md
199 silly gunzTarPerm extractEntry lib/application.js
200 silly gunzTarPerm extractEntry lib/express.js
201 silly gunzTarPerm extractEntry lib/middleware/init.js
202 silly gunzTarPerm extractEntry lib/middleware/query.js
203 silly gunzTarPerm extractEntry lib/request.js
204 silly gunzTarPerm extractEntry lib/response.js
205 silly gunzTarPerm extractEntry lib/router/index.js
206 silly gunzTarPerm extractEntry lib/router/layer.js
207 silly gunzTarPerm extractEntry lib/router/route.js
208 silly gunzTarPerm extractEntry lib/utils.js
209 silly gunzTarPerm extractEntry lib/view.js
210 silly gunzTarPerm extractEntry LICENSE
211 silly gunzTarPerm extractEntry mime.js
212 silly gunzTarPerm extractEntry README.md
213 silly gunzTarPerm extractEntry types.json
214 silly gunzTarPerm extractEntry build/build.js
215 silly gunzTarPerm extractEntry build/test.js
216 silly gunzTarPerm extractEntry README.md
217 silly gentlyRm /media/moshab97/W - L/devf/dia 22 - base de datos/node_modules/.staging/send-7649b664/node_modules is being purged
218 verbose gentlyRm don't care about contents; nuking /media/moshab97/W - L/devf/dia 22 - base de datos/node_modules/.staging/send-7649b664/node_modules
219 silly gentlyRm /media/moshab97/W - L/devf/dia 22 - base de datos/node_modules/.staging/mime-982dcd49/node_modules is being purged
220 verbose gentlyRm don't care about contents; nuking /media/moshab97/W - L/devf/dia 22 - base de datos/node_modules/.staging/mime-982dcd49/node_modules
221 silly gentlyRm /media/moshab97/W - L/devf/dia 22 - base de datos/node_modules/.staging/express-152dba4b/node_modules is being purged
222 verbose gentlyRm don't care about contents; nuking /media/moshab97/W - L/devf/dia 22 - base de datos/node_modules/.staging/express-152dba4b/node_modules
223 silly doParallel preinstall 3
224 silly preinstall mime@1.4.1 /media/moshab97/W - L/devf/dia 22 - base de datos/node_modules/.staging/mime-982dcd49
225 info lifecycle mime@1.4.1~preinstall: mime@1.4.1
226 silly preinstall send@0.16.2 /media/moshab97/W - L/devf/dia 22 - base de datos/node_modules/.staging/send-7649b664
227 info lifecycle send@0.16.2~preinstall: send@0.16.2
228 silly preinstall express@4.16.4 /media/moshab97/W - L/devf/dia 22 - base de datos/node_modules/.staging/express-152dba4b
229 info lifecycle express@4.16.4~preinstall: express@4.16.4
230 silly lifecycle mime@1.4.1~preinstall: no script for preinstall, continuing
231 silly lifecycle send@0.16.2~preinstall: no script for preinstall, continuing
232 silly lifecycle express@4.16.4~preinstall: no script for preinstall, continuing
233 silly doReverseSerial remove 0
234 silly doSerial move 0
235 silly doSerial finalize 3
236 silly finalize /media/moshab97/W - L/devf/dia 22 - base de datos/node_modules/mime
237 silly finalize /media/moshab97/W - L/devf/dia 22 - base de datos/node_modules/send
238 silly finalize /media/moshab97/W - L/devf/dia 22 - base de datos/node_modules/express
239 silly doSerial build 3
240 silly build mime@1.4.1
241 info linkStuff mime@1.4.1
242 silly linkStuff mime@1.4.1 has /media/moshab97/W - L/devf/dia 22 - base de datos/node_modules as its parent node_modules
243 verbose linkBins mime@1.4.1
244 verbose link bins [ { mime: 'cli.js' },
244 verbose link bins   '/media/moshab97/W - L/devf/dia 22 - base de datos/node_modules/.bin',
244 verbose link bins   false ]
245 verbose linkMans mime@1.4.1
246 silly gentlyRm /media/moshab97/W - L/devf/dia 22 - base de datos/node_modules/.bin/mime is being purged
247 verbose gentlyRm don't care about contents; nuking /media/moshab97/W - L/devf/dia 22 - base de datos/node_modules/.bin/mime
248 verbose unlock done using /home/moshab97/.npm/_locks/staging-b014a9cc0470cf8d.lock for /media/moshab97/W - L/devf/dia 22 - base de datos/node_modules/.staging
249 silly rollbackFailedOptional Starting
250 silly rollbackFailedOptional Finishing
251 silly runTopLevelLifecycles Starting
252 silly runTopLevelLifecycles Finishing
253 silly install printInstalled
254 warn basededatos@1.0.0 No description
255 warn basededatos@1.0.0 No repository field.
256 verbose stack Error: ENOSYS: function not implemented, symlink '../mime/cli.js' -> '/media/moshab97/W - L/devf/dia 22 - base de datos/node_modules/.bin/mime'
257 verbose cwd /media/moshab97/W - L/devf/dia 22 - base de datos
258 error Linux 4.18.0-16-generic
259 error argv "/usr/bin/node" "/usr/bin/npm" "i" "express" "--save"
260 error node v8.10.0
261 error npm  v3.5.2
262 error path ../mime/cli.js
263 error code ENOSYS
264 error errno -38
265 error syscall symlink
266 error ENOSYS: function not implemented, symlink '../mime/cli.js' -> '/media/moshab97/W - L/devf/dia 22 - base de datos/node_modules/.bin/mime'
267 error If you need help, you may report this error at:
267 error     <https://github.com/npm/npm/issues>
268 verbose exit [ -38, true ]
